<?xml version="1.0" encoding="UTF-8"?>
<!-- Generated by org.testng.reporters.JUnitReportReporter -->
<testsuite hostname="LAPTOP-AFQPLSSL" failures="0" tests="1" name="com.crm.qa.base.TestBase" time="16.218" errors="0" timestamp="2023-08-13T11:40:08 IST" skipped="0">
  <testcase classname="com.crm.qa.base.TestBase" name="initialzation" time="16.218"/>
  <system-out/>
</testsuite> <!-- com.crm.qa.base.TestBase -->
