<?xml version="1.0" encoding="UTF-8"?>
<!-- Generated by org.testng.reporters.JUnitReportReporter -->
<testsuite hostname="LAPTOP-AFQPLSSL" failures="0" tests="1" name="com.crm.qa.pages.LoginPage" time="14.804" errors="0" timestamp="2023-08-13T11:40:57 IST" skipped="0">
  <testcase classname="com.crm.qa.pages.LoginPage" name="initialzation" time="14.804"/>
  <system-out/>
</testsuite> <!-- com.crm.qa.pages.LoginPage -->
